<?xml version="1.0" encoding="UTF-8"?>
<!-- Generated by org.testng.reporters.JUnitReportReporter -->
<testsuite hostname="rymtestdeMac-mini.local" name="com.rym.libarary.testsuits.DownloadCenter_Test" tests="1" failures="0" timestamp="5 Apr 2016 03:29:27 GMT" time="12.061" errors="0">
  <testcase name="DownloadCenter" time="12.061" classname="com.rym.libarary.testsuits.DownloadCenter_Test"/>
</testsuite> <!-- com.rym.libarary.testsuits.DownloadCenter_Test -->
