<?xml version="1.0" encoding="UTF-8"?>
<!-- Generated by org.testng.reporters.JUnitReportReporter -->
<testsuite hostname="rymtestdeMac-mini.local" name="com.rym.libarary.base.AutoTestBase" tests="1" failures="0" timestamp="7 Mar 2016 08:44:47 GMT" time="107.500" errors="0">
  <testcase name="login" time="107.500" classname="com.rym.libarary.base.AutoTestBase"/>
</testsuite> <!-- com.rym.libarary.base.AutoTestBase -->
