<?xml version="1.0" encoding="UTF-8"?>
<!-- Generated by org.testng.reporters.JUnitReportReporter -->
<testsuite hostname="rymtestdeMac-mini.local" name="com.rym.libarary.testsuits.OpenPlugin_Test" tests="1" failures="0" timestamp="8 Apr 2016 08:14:55 GMT" time="638.709" errors="0">
  <testcase name="clickPluginList2" time="638.709" classname="com.rym.libarary.testsuits.OpenPlugin_Test"/>
</testsuite> <!-- com.rym.libarary.testsuits.OpenPlugin_Test -->
