<?xml version="1.0" encoding="UTF-8"?>
<!-- Generated by org.testng.reporters.JUnitReportReporter -->
<testsuite hostname="rymtestdeMac-mini.local" name="com.rym.libarary.testsuits.Plugin_Test" tests="6" failures="0" timestamp="15 Apr 2016 03:06:33 GMT" time="2205.410" errors="0">
  <testcase name="FindH5ByNoYZT" time="231.385" classname="com.rym.libarary.testsuits.Plugin_Test"/>
  <testcase name="clickTable" time="61.554" classname="com.rym.libarary.testsuits.Plugin_Test"/>
  <testcase name="YZTTimeout" time="1344.795" classname="com.rym.libarary.testsuits.Plugin_Test"/>
  <testcase name="FindYZTByH5" time="161.000" classname="com.rym.libarary.testsuits.Plugin_Test"/>
  <testcase name="FindYZTByHost" time="132.680" classname="com.rym.libarary.testsuits.Plugin_Test"/>
  <testcase name="clickNeedLoginPlugin" time="273.996" classname="com.rym.libarary.testsuits.Plugin_Test"/>
</testsuite> <!-- com.rym.libarary.testsuits.Plugin_Test -->
